<?xml version="1.0" encoding="UTF-8"?>
<testng-results ignored="0" total="2" passed="2" failed="0" skipped="0">
  <reporter-output>
  </reporter-output>
  <suite started-at="2023-05-17T13:44:41 EDT" name="Default suite" finished-at="2023-05-17T13:45:20 EDT" duration-ms="38587">
    <groups>
    </groups>
    <test started-at="2023-05-17T13:44:41 EDT" name="Default test" finished-at="2023-05-17T13:45:20 EDT" duration-ms="38587">
      <class name="testCase.Test_mensSaleBg">
        <test-method is-config="true" signature="setup()[pri:0, instance:testCase.Test_mensSaleBg@f5ac9e4]" started-at="2023-05-17T13:44:41 EDT" name="setup" finished-at="2023-05-17T13:45:06 EDT" duration-ms="24331" status="PASS">
          <reporter-output>
          </reporter-output>
        </test-method> <!-- setup -->
        <test-method signature="SaleTest()[pri:0, instance:testCase.Test_mensSaleBg@f5ac9e4]" started-at="2023-05-17T13:45:06 EDT" name="SaleTest" finished-at="2023-05-17T13:45:11 EDT" duration-ms="5399" status="PASS">
          <reporter-output>
          </reporter-output>
        </test-method> <!-- SaleTest -->
        <test-method signature="Test_Colordropdwn()[pri:1, instance:testCase.Test_mensSaleBg@f5ac9e4]" started-at="2023-05-17T13:45:11 EDT" name="Test_Colordropdwn" finished-at="2023-05-17T13:45:14 EDT" duration-ms="3329" status="PASS">
          <reporter-output>
          </reporter-output>
        </test-method> <!-- Test_Colordropdwn -->
        <test-method is-config="true" signature="tearDown()[pri:0, instance:testCase.Test_mensSaleBg@f5ac9e4]" started-at="2023-05-17T13:45:14 EDT" name="tearDown" finished-at="2023-05-17T13:45:20 EDT" duration-ms="5465" status="PASS">
          <reporter-output>
          </reporter-output>
        </test-method> <!-- tearDown -->
      </class> <!-- testCase.Test_mensSaleBg -->
    </test> <!-- Default test -->
  </suite> <!-- Default suite -->
</testng-results>
